0 info it worked if it ends with ok
1 verbose cli [ 'C:\\Program Files\\nodejs\\\\node.exe',
1 verbose cli   'C:\\Program Files\\nodejs\\node_modules\\npm\\bin\\npm-cli.js',
1 verbose cli   'install',
1 verbose cli   'fs' ]
2 info using npm@1.4.9
3 info using node@v0.10.28
4 verbose node symlink C:\Program Files\nodejs\\node.exe
5 warn package.json cannedhead@0.0.1 No README data
6 warn package.json http@0.0.0 http is also the name of a node core module.
7 warn package.json http@0.0.0 No description
8 warn package.json http@0.0.0 No repository field.
9 verbose readDependencies using package.json deps
10 verbose cache add [ 'fs@*', null ]
11 verbose cache add name=undefined spec="fs@*" args=["fs@*",null]
12 verbose parsed url { protocol: null,
12 verbose parsed url   slashes: null,
12 verbose parsed url   auth: null,
12 verbose parsed url   host: null,
12 verbose parsed url   port: null,
12 verbose parsed url   hostname: null,
12 verbose parsed url   hash: null,
12 verbose parsed url   search: null,
12 verbose parsed url   query: null,
12 verbose parsed url   pathname: 'fs@*',
12 verbose parsed url   path: 'fs@*',
12 verbose parsed url   href: 'fs@*' }
13 verbose cache add name="fs" spec="*" args=["fs","*"]
14 verbose parsed url { protocol: null,
14 verbose parsed url   slashes: null,
14 verbose parsed url   auth: null,
14 verbose parsed url   host: null,
14 verbose parsed url   port: null,
14 verbose parsed url   hostname: null,
14 verbose parsed url   hash: null,
14 verbose parsed url   search: null,
14 verbose parsed url   query: null,
14 verbose parsed url   pathname: '*',
14 verbose parsed url   path: '*',
14 verbose parsed url   href: '*' }
15 verbose addNamed [ 'fs', '*' ]
16 verbose addNamed [ null, '*' ]
17 silly lockFile d8bf140d-fs fs@*
18 verbose lock fs@* C:\Users\Julian\AppData\Roaming\npm-cache\d8bf140d-fs.lock
19 silly addNameRange { name: 'fs', range: '*', hasData: false }
20 verbose url raw fs
21 verbose url resolving [ 'https://registry.npmjs.org/', './fs' ]
22 verbose url resolved https://registry.npmjs.org/fs
23 info trying registry request attempt 1 at 00:33:46
24 http GET https://registry.npmjs.org/fs
25 http 404 https://registry.npmjs.org/fs
26 verbose headers { date: 'Tue, 06 May 2014 05:33:46 GMT',
26 verbose headers   server: 'CouchDB/1.5.0 (Erlang OTP/R14B04)',
26 verbose headers   'content-type': 'application/json',
26 verbose headers   via: '1.1 varnish',
26 verbose headers   'cache-control': 'max-age=0',
26 verbose headers   'content-length': '52',
26 verbose headers   'accept-ranges': 'bytes',
26 verbose headers   age: '0',
26 verbose headers   'x-served-by': 'cache-v42-ASH, cache-jfk1024-JFK',
26 verbose headers   'x-cache': 'MISS, MISS',
26 verbose headers   'x-cache-hits': '0, 0',
26 verbose headers   'x-timer': 'S1399354426.277607918,VS0,VS4,VE98,VE101',
26 verbose headers   'keep-alive': 'timeout=10, max=50',
26 verbose headers   connection: 'Keep-Alive' }
27 silly registry.get cb [ 404,
27 silly registry.get   { date: 'Tue, 06 May 2014 05:33:46 GMT',
27 silly registry.get     server: 'CouchDB/1.5.0 (Erlang OTP/R14B04)',
27 silly registry.get     'content-type': 'application/json',
27 silly registry.get     via: '1.1 varnish',
27 silly registry.get     'cache-control': 'max-age=0',
27 silly registry.get     'content-length': '52',
27 silly registry.get     'accept-ranges': 'bytes',
27 silly registry.get     age: '0',
27 silly registry.get     'x-served-by': 'cache-v42-ASH, cache-jfk1024-JFK',
27 silly registry.get     'x-cache': 'MISS, MISS',
27 silly registry.get     'x-cache-hits': '0, 0',
27 silly registry.get     'x-timer': 'S1399354426.277607918,VS0,VS4,VE98,VE101',
27 silly registry.get     'keep-alive': 'timeout=10, max=50',
27 silly registry.get     connection: 'Keep-Alive' } ]
28 silly lockFile d8bf140d-fs fs@*
29 silly lockFile d8bf140d-fs fs@*
30 error 404 404 Not Found: fs
30 error 404
30 error 404 'fs' is not in the npm registry.
30 error 404 You should bug the author to publish it
30 error 404 It was specified as a dependency of 'cannedhead'
30 error 404
30 error 404 Note that you can also install from a
30 error 404 tarball, folder, or http url, or git url.
31 error System Windows_NT 6.2.9200
32 error command "C:\\Program Files\\nodejs\\\\node.exe" "C:\\Program Files\\nodejs\\node_modules\\npm\\bin\\npm-cli.js" "install" "fs"
33 error cwd C:\Users\Julian\Desktop\Landing pillow
34 error node -v v0.10.28
35 error npm -v 1.4.9
36 error code E404
37 verbose exit [ 1, true ]
